{\rtf1\ansi\ansicpg1252\cocoartf1265\cocoasubrtf210
{\fonttbl\f0\fnil\fcharset0 Monaco;}
{\colortbl;\red255\green255\blue255;\red242\green242\blue242;}
\paperw11900\paperh16840\margl1440\margr1440\vieww10800\viewh8400\viewkind0
\deftab720
\pard\pardeftab720\sl480

\f0\fs20 \cf2 \cb0 \CocoaLigature0 .LOG\
\pard\tx560\tx1120\tx1680\tx2240\tx2800\tx3360\tx3920\tx4480\tx5040\tx5600\tx6160\tx6720\pardirnatural
\cf2 client:\
     [echo] Client start TestClient in build\
     [java] STEP 1: URL of restfull web service: http://immense-shore-7749.herokuapp.com/sdelab\
     [java] STEP 2: start\
     [java] STEP 3: start\
     [java] =====================================================\
     [java] Request #3.1: GET http://immense-shore-7749.herokuapp.com/sdelab/person Accept: application/xmlContent-type: application/xml\
     [java] => Result: OK\
     [java] => HTTP Status: 200\
     [java] <?xml version="1.0" encoding="UTF-8"?><people>\
     [java]     <person>\
     [java]         <idPerson>1</idPerson>\
     [java]         <name>Marco</name>\
     [java]         <lastname>Polo</lastname>\
     [java]         <birthdate>23-11-1492</birthdate>\
     [java]         <HealthProfile>\
     [java]             <lifeStatus>\
     [java]                 <idMeasure>1</idMeasure>\
     [java]                 <measureDefinition>\
     [java]                     <idMeasureDef>1</idMeasureDef>\
     [java]                     <measureName>weight</measureName>\
     [java]                 </measureDefinition>\
     [java]                 <value>160</value>\
     [java]             </lifeStatus>\
     [java]             <lifeStatus>\
     [java]                 <idMeasure>2</idMeasure>\
     [java]                 <measureDefinition>\
     [java]                     <idMeasureDef>2</idMeasureDef>\
     [java]                     <measureName>height</measureName>\
     [java]                 </measureDefinition>\
     [java]                 <value>184</value>\
     [java]             </lifeStatus>\
     [java]         </HealthProfile>\
     [java]         <email>marco.polo@gmail.com</email>\
     [java]         <username>marco.polo</username>\
     [java]     </person>\
     [java]     <person>\
     [java]         <idPerson>2</idPerson>\
     [java]         <name>Adalberto</name>\
     [java]         <lastname>Steiner</lastname>\
     [java]         <birthdate>31-11-1991</birthdate>\
     [java]         <HealthProfile>\
     [java]             <lifeStatus>\
     [java]                 <idMeasure>3</idMeasure>\
     [java]                 <measureDefinition>\
     [java]                     <idMeasureDef>1</idMeasureDef>\
     [java]                     <measureName>weight</measureName>\
     [java]                 </measureDefinition>\
     [java]                 <value>85</value>\
     [java]             </lifeStatus>\
     [java]             <lifeStatus>\
     [java]                 <idMeasure>4</idMeasure>\
     [java]                 <measureDefinition>\
     [java]                     <idMeasureDef>2</idMeasureDef>\
     [java]                     <measureName>height</measureName>\
     [java]                 </measureDefinition>\
     [java]                 <value>190</value>\
     [java]             </lifeStatus>\
     [java]         </HealthProfile>\
     [java]         <email>adalberto.steiner@gmail.com</email>\
     [java]         <username>adalberto.steiner</username>\
     [java]     </person>\
     [java]     <person>\
     [java]         <idPerson>3</idPerson>\
     [java]         <name>Vincent</name>\
     [java]         <lastname>Valentine</lastname>\
     [java]         <birthdate>16-9-1985</birthdate>\
     [java]         <HealthProfile>\
     [java]             <lifeStatus>\
     [java]                 <idMeasure>5</idMeasure>\
     [java]                 <measureDefinition>\
     [java]                     <idMeasureDef>1</idMeasureDef>\
     [java]                     <measureName>weight</measureName>\
     [java]                 </measureDefinition>\
     [java]                 <value>50</value>\
     [java]             </lifeStatus>\
     [java]         </HealthProfile>\
     [java]         <email>vincent.valentine@gmail.com</email>\
     [java]         <username>vincent.valentine</username>\
     [java]     </person>\
     [java]     <person>\
     [java]         <idPerson>4</idPerson>\
     [java]         <name>Vivi</name>\
     [java]         <lastname>Ornithura</lastname>\
     [java]         <birthdate>26-04-1991</birthdate>\
     [java]         <HealthProfile>\
     [java]             <lifeStatus>\
     [java]                 <idMeasure>6</idMeasure>\
     [java]                 <measureDefinition>\
     [java]                     <idMeasureDef>2</idMeasureDef>\
     [java]                     <measureName>height</measureName>\
     [java]                 </measureDefinition>\
     [java]                 <value>120</value>\
     [java]             </lifeStatus>\
     [java]         </HealthProfile>\
     [java]         <email>vivi.ornithura@gmail.com</email>\
     [java]         <username>vivi.ornithura</username>\
     [java]     </person>\
     [java] </people>\
     [java] \
     [java] ===============================================================================================\
     [java] Request #3.1: GET http://immense-shore-7749.herokuapp.com/sdelab/person Accept: application/jsonContent-type: application/json\
     [java] => Result: OK\
     [java] => HTTP Status: 200\
     [java] [\
     [java]   \{\
     [java]     "idPerson": 1,\
     [java]     "name": "Marco",\
     [java]     "lastname": "Polo",\
     [java]     "birthdate": "23-11-1492",\
     [java]     "lifeStatus": [\
     [java]       \{\
     [java]         "idMeasure": 1,\
     [java]         "value": "160",\
     [java]         "measureDefinition": \{\
     [java]           "idMeasureDef": 1,\
     [java]           "measureName": "weight"\
     [java]         \}\
     [java]       \},\
     [java]       \{\
     [java]         "idMeasure": 2,\
     [java]         "value": "184",\
     [java]         "measureDefinition": \{\
     [java]           "idMeasureDef": 2,\
     [java]           "measureName": "height"\
     [java]         \}\
     [java]       \}\
     [java]     ],\
     [java]     "email": "marco.polo@gmail.com",\
     [java]     "username": "marco.polo"\
     [java]   \},\
     [java]   \{\
     [java]     "idPerson": 2,\
     [java]     "name": "Adalberto",\
     [java]     "lastname": "Steiner",\
     [java]     "birthdate": "31-11-1991",\
     [java]     "lifeStatus": [\
     [java]       \{\
     [java]         "idMeasure": 3,\
     [java]         "value": "85",\
     [java]         "measureDefinition": \{\
     [java]           "idMeasureDef": 1,\
     [java]           "measureName": "weight"\
     [java]         \}\
     [java]       \},\
     [java]       \{\
     [java]         "idMeasure": 4,\
     [java]         "value": "190",\
     [java]         "measureDefinition": \{\
     [java]           "idMeasureDef": 2,\
     [java]           "measureName": "height"\
     [java]         \}\
     [java]       \}\
     [java]     ],\
     [java]     "email": "adalberto.steiner@gmail.com",\
     [java]     "username": "adalberto.steiner"\
     [java]   \},\
     [java]   \{\
     [java]     "idPerson": 3,\
     [java]     "name": "Vincent",\
     [java]     "lastname": "Valentine",\
     [java]     "birthdate": "16-9-1985",\
     [java]     "lifeStatus": [\
     [java]       \{\
     [java]         "idMeasure": 5,\
     [java]         "value": "50",\
     [java]         "measureDefinition": \{\
     [java]           "idMeasureDef": 1,\
     [java]           "measureName": "weight"\
     [java]         \}\
     [java]       \}\
     [java]     ],\
     [java]     "email": "vincent.valentine@gmail.com",\
     [java]     "username": "vincent.valentine"\
     [java]   \},\
     [java]   \{\
     [java]     "idPerson": 4,\
     [java]     "name": "Vivi",\
     [java]     "lastname": "Ornithura",\
     [java]     "birthdate": "26-04-1991",\
     [java]     "lifeStatus": [\
     [java]       \{\
     [java]         "idMeasure": 6,\
     [java]         "value": "120",\
     [java]         "measureDefinition": \{\
     [java]           "idMeasureDef": 2,\
     [java]           "measureName": "height"\
     [java]         \}\
     [java]       \}\
     [java]     ],\
     [java]     "email": "vivi.ornithura@gmail.com",\
     [java]     "username": "vivi.ornithura"\
     [java]   \}\
     [java] ]\
     [java] ========================FIRST & LAST PERSON ID================================================\
     [java] First person id:1\
     [java] Last person id:4\
     [java] ========================================================================\
     [java] ========================================================================\
     [java] Request #3.2: GET http://immense-shore-7749.herokuapp.com/sdelab/person/1 Accept: application/xmlContent-type: application/xml\
     [java] => Result: OK\
     [java] => HTTP Status: 200\
     [java] <?xml version="1.0" encoding="UTF-8"?><person>\
     [java]     <idPerson>1</idPerson>\
     [java]     <name>Marco</name>\
     [java]     <lastname>Polo</lastname>\
     [java]     <birthdate>23-11-1492</birthdate>\
     [java]     <HealthProfile>\
     [java]         <lifeStatus>\
     [java]             <idMeasure>1</idMeasure>\
     [java]             <measureDefinition>\
     [java]                 <idMeasureDef>1</idMeasureDef>\
     [java]                 <measureName>weight</measureName>\
     [java]             </measureDefinition>\
     [java]             <value>160</value>\
     [java]         </lifeStatus>\
     [java]         <lifeStatus>\
     [java]             <idMeasure>2</idMeasure>\
     [java]             <measureDefinition>\
     [java]                 <idMeasureDef>2</idMeasureDef>\
     [java]                 <measureName>height</measureName>\
     [java]             </measureDefinition>\
     [java]             <value>184</value>\
     [java]         </lifeStatus>\
     [java]     </HealthProfile>\
     [java]     <email>marco.polo@gmail.com</email>\
     [java]     <username>marco.polo</username>\
     [java] </person>\
     [java] \
     [java] ========================================================================\
     [java] Request #3.2: GET http://immense-shore-7749.herokuapp.com/sdelab/person/1 Accept: application/jsonContent-type: application/json\
     [java] => Result: OK\
     [java] => HTTP Status: 200\
     [java] \{\
     [java]   "idPerson": 1,\
     [java]   "name": "Marco",\
     [java]   "lastname": "Polo",\
     [java]   "birthdate": "23-11-1492",\
     [java]   "lifeStatus": [\
     [java]     \{\
     [java]       "idMeasure": 1,\
     [java]       "value": "160",\
     [java]       "measureDefinition": \{\
     [java]         "idMeasureDef": 1,\
     [java]         "measureName": "weight"\
     [java]       \}\
     [java]     \},\
     [java]     \{\
     [java]       "idMeasure": 2,\
     [java]       "value": "184",\
     [java]       "measureDefinition": \{\
     [java]         "idMeasureDef": 2,\
     [java]         "measureName": "height"\
     [java]       \}\
     [java]     \}\
     [java]   ],\
     [java]   "email": "marco.polo@gmail.com",\
     [java]   "username": "marco.polo"\
     [java] \}\
     [java] ========================================================================\
     [java] ========================================================================\
     [java] Request #3.3: PUT http://immense-shore-7749.herokuapp.com/sdelab/person/1 Accept: application/json Content-type: application/json\
     [java] => Result: OK\
     [java] => HTTP Status: 200\
     [java] \{\
     [java]   "idPerson": 1,\
     [java]   "name": "PAVEL",\
     [java]   "lastname": "Polo",\
     [java]   "birthdate": "23-11-1492",\
     [java]   "lifeStatus": [\
     [java]     \{\
     [java]       "idMeasure": 1,\
     [java]       "value": "160",\
     [java]       "measureDefinition": \{\
     [java]         "idMeasureDef": 1,\
     [java]         "measureName": "weight"\
     [java]       \}\
     [java]     \},\
     [java]     \{\
     [java]       "idMeasure": 2,\
     [java]       "value": "184",\
     [java]       "measureDefinition": \{\
     [java]         "idMeasureDef": 2,\
     [java]         "measureName": "height"\
     [java]       \}\
     [java]     \}\
     [java]   ],\
     [java]   "email": "marco.polo@gmail.com",\
     [java]   "username": "marco.polo"\
     [java] \}\
     [java] ============================================\
     [java] Request #3.3: PUT http://immense-shore-7749.herokuapp.com/sdelab/person/1 Accept: application/xml Content-type: application/xml\
     [java] namechange:= PAVEL\
     [java] => Result: OK\
     [java] => HTTP Status: 200\
     [java] <?xml version="1.0" encoding="UTF-8"?>\
     [java] <person>\
     [java]   <idPerson>1</idPerson>\
     [java]   <name>PAVEL</name>\
     [java]   <lastname>Polo</lastname>\
     [java]   <birthdate>23-11-1492</birthdate>\
     [java]   <HealthProfile>\
     [java]     <lifeStatus>\
     [java]       <idMeasure>1</idMeasure>\
     [java]       <measureDefinition>\
     [java]         <idMeasureDef>1</idMeasureDef>\
     [java]         <measureName>weight</measureName>\
     [java]       </measureDefinition>\
     [java]       <value>160</value>\
     [java]     </lifeStatus>\
     [java]     <lifeStatus>\
     [java]       <idMeasure>2</idMeasure>\
     [java]       <measureDefinition>\
     [java]         <idMeasureDef>2</idMeasureDef>\
     [java]         <measureName>height</measureName>\
     [java]       </measureDefinition>\
     [java]       <value>184</value>\
     [java]     </lifeStatus>\
     [java]   </HealthProfile>\
     [java]   <email>marco.polo@gmail.com</email>\
     [java]   <username>marco.polo</username>\
     [java] </person>\
     [java] \
     [java] ========================================================================\
     [java] ========================================================================\
     [java] Request #3.4: POST http://immense-shore-7749.herokuapp.com/sdelab/person Accept: application/json Content-type: application/json\
     [java] => Result: OK\
     [java] => HTTP Status: 200\
     [java] \{\
     [java]   "idPerson": 5,\
     [java]   "name": "Norris",\
     [java]   "lastname": "Chuck",\
     [java]   "birthdate": "1945-01-01",\
     [java]   "lifeStatus": [\
     [java]     \{\
     [java]       "idMeasure": 7,\
     [java]       "value": "78.9",\
     [java]       "measureDefinition": \{\
     [java]         "idMeasureDef": 1,\
     [java]         "measureName": "weight"\
     [java]       \}\
     [java]     \},\
     [java]     \{\
     [java]       "idMeasure": 8,\
     [java]       "value": "172",\
     [java]       "measureDefinition": \{\
     [java]         "idMeasureDef": 2,\
     [java]         "measureName": "height"\
     [java]       \}\
     [java]     \}\
     [java]   ]\
     [java] \}\
     [java] Request #3.4: POST http://immense-shore-7749.herokuapp.com/sdelab/person Accept: application/xml Content-type: application/xml\
     [java] => Result: OK\
     [java] => HTTP Status: 200\
     [java] <?xml version="1.0" encoding="UTF-8"?>\
     [java] <person>\
     [java]   <idPerson>6</idPerson>\
     [java]   <name>Chuck</name>\
     [java]   <lastname>Norris</lastname>\
     [java]   <birthdate>1945-01-01</birthdate>\
     [java]   <HealthProfile>\
     [java]     <lifeStatus>\
     [java]       <idMeasure>9</idMeasure>\
     [java]       <measureDefinition>\
     [java]         <idMeasureDef>1</idMeasureDef>\
     [java]         <measureName>weight</measureName>\
     [java]       </measureDefinition>\
     [java]       <value>78.9</value>\
     [java]     </lifeStatus>\
     [java]     <lifeStatus>\
     [java]       <idMeasure>10</idMeasure>\
     [java]       <measureDefinition>\
     [java]         <idMeasureDef>2</idMeasureDef>\
     [java]         <measureName>height</measureName>\
     [java]       </measureDefinition>\
     [java]       <value>172</value>\
     [java]     </lifeStatus>\
     [java]   </HealthProfile>\
     [java] </person>\
     [java] \
     [java] ===================NEW ID===============================\
     [java] id after POST: 6\
     [java] ========================================================================\
     [java] ========================================================================\
     [java] Request #3.5: DELETE http://immense-shore-7749.herokuapp.com/sdelab/person/6 Accept: none Content-type: none\
     [java] => Result: OK\
     [java] => HTTP Status: 204\
     [java] ========================================================================\
     [java] Request #3.5: GET http://immense-shore-7749.herokuapp.com/sdelab/person/6 Accept: application/xml Content-type: application/xml\
     [java] => Result: OK\
     [java] => HTTP Status: 404\
     [java] Not found\
     [java] ========================================================================\
     [java] ========================================================================\
     [java] Request #3.6: GET http://immense-shore-7749.herokuapp.com/sdelab/measureTypes Accept: application/xmlContent-type: application/xml\
     [java] => Result: OK\
     [java] => HTTP Status: 200\
     [java] <?xml version="1.0" encoding="UTF-8"?><measureDefinitions>\
     [java]     <measureDefinition>\
     [java]         <idMeasureDef>1</idMeasureDef>\
     [java]         <measureName>weight</measureName>\
     [java]     </measureDefinition>\
     [java]     <measureDefinition>\
     [java]         <idMeasureDef>2</idMeasureDef>\
     [java]         <measureName>height</measureName>\
     [java]     </measureDefinition>\
     [java]     <measureDefinition>\
     [java]         <idMeasureDef>3</idMeasureDef>\
     [java]         <measureName>steps</measureName>\
     [java]     </measureDefinition>\
     [java]     <measureDefinition>\
     [java]         <idMeasureDef>4</idMeasureDef>\
     [java]         <measureName>blood pressure</measureName>\
     [java]     </measureDefinition>\
     [java]     <measureDefinition>\
     [java]         <idMeasureDef>5</idMeasureDef>\
     [java]         <measureName>heart rate</measureName>\
     [java]     </measureDefinition>\
     [java]     <measureDefinition>\
     [java]         <idMeasureDef>6</idMeasureDef>\
     [java]         <measureName>bmi</measureName>\
     [java]     </measureDefinition>\
     [java] </measureDefinitions>\
     [java] \
     [java] =====================================================\
     [java] Request #3.6: GET http://immense-shore-7749.herokuapp.com/sdelab/measureTypes Accept: application/jsonContent-type: application/json\
     [java] => Result: OK\
     [java] => HTTP Status: 200\
     [java] [\
     [java]   \{\
     [java]     "idMeasureDef": 1,\
     [java]     "measureName": "weight"\
     [java]   \},\
     [java]   \{\
     [java]     "idMeasureDef": 2,\
     [java]     "measureName": "height"\
     [java]   \},\
     [java]   \{\
     [java]     "idMeasureDef": 3,\
     [java]     "measureName": "steps"\
     [java]   \},\
     [java]   \{\
     [java]     "idMeasureDef": 4,\
     [java]     "measureName": "blood pressure"\
     [java]   \},\
     [java]   \{\
     [java]     "idMeasureDef": 5,\
     [java]     "measureName": "heart rate"\
     [java]   \},\
     [java]   \{\
     [java]     "idMeasureDef": 6,\
     [java]     "measureName": "bmi"\
     [java]   \}\
     [java] ]\
     [java] ================ARRAY CREATED====================================\
     [java] Array measureType created\
     [java] Array content 0: weight\
     [java] Array content 1: height\
     [java] Array content 2: steps\
     [java] Array content 3: blood pressure\
     [java] Array content 4: heart rate\
     [java] Array content 5: bmi\
     [java] Array size: 6\
     [java] ================================================================================================\
     [java] ==========================FIRST PERSON XML & JSON==============================================\
     [java] ===========WEIGHT=================\
     [java] Request #3.7: GET http://immense-shore-7749.herokuapp.com/sdelab/person/1/1 Accept: application/xmlContent-type: application/xml\
     [java] => Result: OK\
     [java] => HTTP Status: 200\
     [java] <?xml version="1.0" encoding="UTF-8"?><healthMeasureHistories>\
     [java]     <healthMeasureHistory>\
     [java]         <idMeasureDefinition>1</idMeasureDefinition>\
     [java]         <idMeasureHistory>1</idMeasureHistory>\
     [java]         <measureDefinition>\
     [java]             <idMeasureDef>1</idMeasureDef>\
     [java]             <measureName>weight</measureName>\
     [java]         </measureDefinition>\
     [java]         <timestamp>21-11-2015</timestamp>\
     [java]         <value>80</value>\
     [java]     </healthMeasureHistory>\
     [java] </healthMeasureHistories>\
     [java] \
     [java] =============HEIGHT===============\
     [java] Request #3.7: GET http://immense-shore-7749.herokuapp.com/sdelab/person/1/2 Accept: application/xmlContent-type: application/xml\
     [java] => Result: OK\
     [java] => HTTP Status: 200\
     [java] <?xml version="1.0" encoding="UTF-8"?><healthMeasureHistories>\
     [java]     <healthMeasureHistory>\
     [java]         <idMeasureDefinition>2</idMeasureDefinition>\
     [java]         <idMeasureHistory>2</idMeasureHistory>\
     [java]         <measureDefinition>\
     [java]             <idMeasureDef>2</idMeasureDef>\
     [java]             <measureName>height</measureName>\
     [java]         </measureDefinition>\
     [java]         <timestamp>21-11-2015</timestamp>\
     [java]         <value>184</value>\
     [java]     </healthMeasureHistory>\
     [java] </healthMeasureHistories>\
     [java] \
     [java] =====================SAVE MEASURETYPE AND MEASUREID===================================================\
     [java] \
     [java] Save measureTipes height and measureId: 2\
     [java] ========================================================================\
     [java] ============STEPS================\
     [java] Request #3.7: GET http://immense-shore-7749.herokuapp.com/sdelab/person/1/3 Accept: application/xmlContent-type: application/xml\
     [java] => Result: ERROR\
     [java] => HTTP Status: 200\
     [java] <?xml version="1.0" encoding="UTF-8"?><healthMeasureHistories/>\
     [java] \
     [java] ============BLOOD PRESSURE================\
     [java] Request #3.7: GET http://immense-shore-7749.herokuapp.com/sdelab/person/1/4 Accept: application/xmlContent-type: application/xml\
     [java] => Result: ERROR\
     [java] => HTTP Status: 200\
     [java] <?xml version="1.0" encoding="UTF-8"?><healthMeasureHistories/>\
     [java] \
     [java] =========HEART RATE===================\
     [java] Request #3.7: GET http://immense-shore-7749.herokuapp.com/sdelab/person/1/5 Accept: application/xmlContent-type: application/xml\
     [java] => Result: ERROR\
     [java] => HTTP Status: 200\
     [java] <?xml version="1.0" encoding="UTF-8"?><healthMeasureHistories/>\
     [java] \
     [java] =============BMI===============\
     [java] Request #3.7: GET http://immense-shore-7749.herokuapp.com/sdelab/person/1/6 Accept: application/xmlContent-type: application/xml\
     [java] => Result: ERROR\
     [java] => HTTP Status: 200\
     [java] <?xml version="1.0" encoding="UTF-8"?><healthMeasureHistories/>\
     [java] \
     [java] ========================================================================\
     [java] ===========WEIGHT=================\
     [java] Request #3.7: GET http://immense-shore-7749.herokuapp.com/sdelab/person/1/1 Accept: application/jsonContent-type: application/json\
     [java] => Result: OK\
     [java] => HTTP Status: 200\
     [java] [\
     [java]   \{\
     [java]     "idMeasureHistory": 1,\
     [java]     "timestamp": "21-11-2015",\
     [java]     "value": "80",\
     [java]     "idMeasureDefinition": 1,\
     [java]     "measureDefinition": \{\
     [java]       "idMeasureDef": 1,\
     [java]       "measureName": "weight"\
     [java]     \}\
     [java]   \}\
     [java] ]\
     [java] =============HEIGHT===============\
     [java] Request #3.7: GET http://immense-shore-7749.herokuapp.com/sdelab/person/1/2 Accept: application/jsonContent-type: application/json\
     [java] => Result: OK\
     [java] => HTTP Status: 200\
     [java] [\
     [java]   \{\
     [java]     "idMeasureHistory": 2,\
     [java]     "timestamp": "21-11-2015",\
     [java]     "value": "184",\
     [java]     "idMeasureDefinition": 2,\
     [java]     "measureDefinition": \{\
     [java]       "idMeasureDef": 2,\
     [java]       "measureName": "height"\
     [java]     \}\
     [java]   \}\
     [java] ]\
     [java] ============STEPS================\
     [java] Request #3.7: GET http://immense-shore-7749.herokuapp.com/sdelab/person/1/3 Accept: application/jsonContent-type: application/json\
     [java] => Result: ERROR\
     [java] => HTTP Status: 200\
     [java] []\
     [java] ============BLOOD PRESSURE================\
     [java] Request #3.7: GET http://immense-shore-7749.herokuapp.com/sdelab/person/1/4 Accept: application/jsonContent-type: application/json\
     [java] => Result: ERROR\
     [java] => HTTP Status: 200\
     [java] []\
     [java] =========HEART RATE===================\
     [java] Request #3.7: GET http://immense-shore-7749.herokuapp.com/sdelab/person/1/5 Accept: application/jsonContent-type: application/json\
     [java] => Result: ERROR\
     [java] => HTTP Status: 200\
     [java] []\
     [java] =============BMI===============\
     [java] Request #3.7: GET http://immense-shore-7749.herokuapp.com/sdelab/person/1/6 Accept: application/jsonContent-type: application/json\
     [java] => Result: ERROR\
     [java] => HTTP Status: 200\
     [java] []\
     [java] ================================================================================================\
     [java] ==========================LAST PERSON XML & JSON==============================================\
     [java] ===========WEIGHT=================\
     [java] Request #3.7: GET http://immense-shore-7749.herokuapp.com/sdelab/person/4/1 Accept: application/xmlContent-type: application/xml\
     [java] => Result: ERROR\
     [java] => HTTP Status: 200\
     [java] <?xml version="1.0" encoding="UTF-8"?><healthMeasureHistories/>\
     [java] \
     [java] =============HEIGHT===============\
     [java] Request #3.7: GET http://immense-shore-7749.herokuapp.com/sdelab/person/4/2 Accept: application/xmlContent-type: application/xml\
     [java] => Result: OK\
     [java] => HTTP Status: 200\
     [java] <?xml version="1.0" encoding="UTF-8"?><healthMeasureHistories>\
     [java]     <healthMeasureHistory>\
     [java]         <idMeasureDefinition>2</idMeasureDefinition>\
     [java]         <idMeasureHistory>6</idMeasureHistory>\
     [java]         <measureDefinition>\
     [java]             <idMeasureDef>2</idMeasureDef>\
     [java]             <measureName>height</measureName>\
     [java]         </measureDefinition>\
     [java]         <timestamp>21-11-2015</timestamp>\
     [java]         <value>120</value>\
     [java]     </healthMeasureHistory>\
     [java] </healthMeasureHistories>\
     [java] \
     [java] ============STEPS================\
     [java] Request #3.7: GET http://immense-shore-7749.herokuapp.com/sdelab/person/4/3 Accept: application/xmlContent-type: application/xml\
     [java] => Result: ERROR\
     [java] => HTTP Status: 200\
     [java] <?xml version="1.0" encoding="UTF-8"?><healthMeasureHistories/>\
     [java] \
     [java] ============BLOOD PRESSURE================\
     [java] Request #3.7: GET http://immense-shore-7749.herokuapp.com/sdelab/person/4/4 Accept: application/xmlContent-type: application/xml\
     [java] => Result: ERROR\
     [java] => HTTP Status: 200\
     [java] <?xml version="1.0" encoding="UTF-8"?><healthMeasureHistories/>\
     [java] \
     [java] =========HEART RATE===================\
     [java] Request #3.7: GET http://immense-shore-7749.herokuapp.com/sdelab/person/4/5 Accept: application/xmlContent-type: application/xml\
     [java] => Result: ERROR\
     [java] => HTTP Status: 200\
     [java] <?xml version="1.0" encoding="UTF-8"?><healthMeasureHistories/>\
     [java] \
     [java] =============BMI===============\
     [java] Request #3.7: GET http://immense-shore-7749.herokuapp.com/sdelab/person/4/6 Accept: application/xmlContent-type: application/xml\
     [java] => Result: ERROR\
     [java] => HTTP Status: 200\
     [java] <?xml version="1.0" encoding="UTF-8"?><healthMeasureHistories/>\
     [java] \
     [java] ========================================================================\
     [java] ===========WEIGHT=================\
     [java] Request #3.7: GET http://immense-shore-7749.herokuapp.com/sdelab/person/4/1 Accept: application/jsonContent-type: application/json\
     [java] => Result: ERROR\
     [java] => HTTP Status: 200\
     [java] []\
     [java] =============HEIGHT===============\
     [java] Request #3.7: GET http://immense-shore-7749.herokuapp.com/sdelab/person/4/2 Accept: application/jsonContent-type: application/json\
     [java] => Result: OK\
     [java] => HTTP Status: 200\
     [java] [\
     [java]   \{\
     [java]     "idMeasureHistory": 6,\
     [java]     "timestamp": "21-11-2015",\
     [java]     "value": "120",\
     [java]     "idMeasureDefinition": 2,\
     [java]     "measureDefinition": \{\
     [java]       "idMeasureDef": 2,\
     [java]       "measureName": "height"\
     [java]     \}\
     [java]   \}\
     [java] ]\
     [java] ============STEPS================\
     [java] Request #3.7: GET http://immense-shore-7749.herokuapp.com/sdelab/person/4/3 Accept: application/jsonContent-type: application/json\
     [java] => Result: ERROR\
     [java] => HTTP Status: 200\
     [java] []\
     [java] ============BLOOD PRESSURE================\
     [java] Request #3.7: GET http://immense-shore-7749.herokuapp.com/sdelab/person/4/4 Accept: application/jsonContent-type: application/json\
     [java] => Result: ERROR\
     [java] => HTTP Status: 200\
     [java] []\
     [java] =========HEART RATE===================\
     [java] Request #3.7: GET http://immense-shore-7749.herokuapp.com/sdelab/person/4/5 Accept: application/jsonContent-type: application/json\
     [java] => Result: ERROR\
     [java] => HTTP Status: 200\
     [java] []\
     [java] =============BMI===============\
     [java] Request #3.7: GET http://immense-shore-7749.herokuapp.com/sdelab/person/4/6 Accept: application/jsonContent-type: application/json\
     [java] => Result: ERROR\
     [java] => HTTP Status: 200\
     [java] []\
     [java] ========================================================================\
     [java] ========================================================================\
     [java] Request #3.8: GET http://immense-shore-7749.herokuapp.com/sdelab/person/1/2/2 Accept: application/xmlContent-type: application/xml\
     [java] => Result: OK\
     [java] => HTTP Status: 200\
     [java] <?xml version="1.0" encoding="UTF-8"?><healthMeasureHistories>\
     [java]     <healthMeasureHistory>\
     [java]         <idMeasureDefinition>2</idMeasureDefinition>\
     [java]         <idMeasureHistory>2</idMeasureHistory>\
     [java]         <measureDefinition>\
     [java]             <idMeasureDef>2</idMeasureDef>\
     [java]             <measureName>height</measureName>\
     [java]         </measureDefinition>\
     [java]         <timestamp>21-11-2015</timestamp>\
     [java]         <value>184</value>\
     [java]     </healthMeasureHistory>\
     [java] </healthMeasureHistories>\
     [java] \
     [java] ========================================================================\
     [java] Request #3.8: GET http://immense-shore-7749.herokuapp.com/sdelab/person/1/2/2 Accept: application/jsonContent-type: application/json\
     [java] => Result: OK\
     [java] => HTTP Status: 200\
     [java] [\
     [java]   \{\
     [java]     "idMeasureHistory": 2,\
     [java]     "timestamp": "21-11-2015",\
     [java]     "value": "184",\
     [java]     "idMeasureDefinition": 2,\
     [java]     "measureDefinition": \{\
     [java]       "idMeasureDef": 2,\
     [java]       "measureName": "height"\
     [java]     \}\
     [java]   \}\
     [java] ]\
     [java] ========================================================================\
     [java] ========================================================================\
     [java] Request #3.9: GET http://immense-shore-7749.herokuapp.com/sdelab/person/1/2 Accept: application/xmlContent-type: application/xml\
     [java] => Result: OK\
     [java] => HTTP Status: 200\
     [java] <?xml version="1.0" encoding="UTF-8"?><healthMeasureHistories>\
     [java]     <healthMeasureHistory>\
     [java]         <idMeasureDefinition>2</idMeasureDefinition>\
     [java]         <idMeasureHistory>2</idMeasureHistory>\
     [java]         <measureDefinition>\
     [java]             <idMeasureDef>2</idMeasureDef>\
     [java]             <measureName>height</measureName>\
     [java]         </measureDefinition>\
     [java]         <timestamp>21-11-2015</timestamp>\
     [java]         <value>184</value>\
     [java]     </healthMeasureHistory>\
     [java] </healthMeasureHistories>\
     [java] \
     [java] ========================================================================\
     [java] ========================================================================\
     [java] ========================================================================\
     [java] Request #3.9: POST http://immense-shore-7749.herokuapp.com/sdelab/person/1/2 Accept: application/json Content-type: application/json\
     [java] => Result: OK\
     [java] => HTTP Status: 200\
     [java] \{\
     [java]   "idMeasure": 0,\
     [java]   "value": "58.9"\
     [java] \}\
     [java] ========================================================================\
     [java] Request #3.9: GET http://immense-shore-7749.herokuapp.com/sdelab/person/1/2 Accept: application/json Content-type: application/json\
     [java] => Result: OK\
     [java] => HTTP Status: 200\
     [java] [\
     [java]   \{\
     [java]     "idMeasureHistory": 2,\
     [java]     "timestamp": "21-11-2015",\
     [java]     "value": "184",\
     [java]     "idMeasureDefinition": 2,\
     [java]     "measureDefinition": \{\
     [java]       "idMeasureDef": 2,\
     [java]       "measureName": "height"\
     [java]     \}\
     [java]   \},\
     [java]   \{\
     [java]     "idMeasureHistory": 11,\
     [java]     "timestamp": "23/11/2015",\
     [java]     "value": "58.9",\
     [java]     "idMeasureDefinition": 2,\
     [java]     "measureDefinition": \{\
     [java]       "idMeasureDef": 2,\
     [java]       "measureName": "height"\
     [java]     \}\
     [java]   \}\
     [java] ]\
     [java] ========================================================================\
     [java] Request #3.9: POST http://immense-shore-7749.herokuapp.com/sdelab/person/1/2 Accept: application/xml Content-type: application/xml\
     [java] => Result: OK\
     [java] => HTTP Status: 200\
     [java] <?xml version="1.0" encoding="UTF-8"?>\
     [java] <Measure>\
     [java]   <idMeasure>0</idMeasure>\
     [java]   <value>1900</value>\
     [java] </Measure>\
     [java] \
     [java] ========================================================================\
     [java] Request #3.9: GET http://immense-shore-7749.herokuapp.com/sdelab/person/1/2 Accept: application/xml Content-type: application/xml\
     [java] => Result: OK\
     [java] => HTTP Status: 200\
     [java] <?xml version="1.0" encoding="UTF-8"?>\
     [java] <healthMeasureHistories>\
     [java]   <healthMeasureHistory>\
     [java]     <idMeasureDefinition>2</idMeasureDefinition>\
     [java]     <idMeasureHistory>2</idMeasureHistory>\
     [java]     <measureDefinition>\
     [java]       <idMeasureDef>2</idMeasureDef>\
     [java]       <measureName>height</measureName>\
     [java]     </measureDefinition>\
     [java]     <timestamp>21-11-2015</timestamp>\
     [java]     <value>184</value>\
     [java]   </healthMeasureHistory>\
     [java]   <healthMeasureHistory>\
     [java]     <idMeasureDefinition>2</idMeasureDefinition>\
     [java]     <idMeasureHistory>11</idMeasureHistory>\
     [java]     <measureDefinition>\
     [java]       <idMeasureDef>2</idMeasureDef>\
     [java]       <measureName>height</measureName>\
     [java]     </measureDefinition>\
     [java]     <timestamp>23/11/2015</timestamp>\
     [java]     <value>58.9</value>\
     [java]   </healthMeasureHistory>\
     [java]   <healthMeasureHistory>\
     [java]     <idMeasureDefinition>2</idMeasureDefinition>\
     [java]     <idMeasureHistory>12</idMeasureHistory>\
     [java]     <measureDefinition>\
     [java]       <idMeasureDef>2</idMeasureDef>\
     [java]       <measureName>height</measureName>\
     [java]     </measureDefinition>\
     [java]     <timestamp>23/11/2015</timestamp>\
     [java]     <value>1900</value>\
     [java]   </healthMeasureHistory>\
     [java] </healthMeasureHistories>\
     [java] \
     [java] ================END OF CLIENT=====================================\
     [java] ===================================================================\
\
execute.client:\
     [echo] run client\
\
BUILD SUCCESSFUL\
Total time: 17 seconds\
}